  Lander.cpp
  main.cpp
  ofApp.cpp
  Info: Boost.Config is older than your compiler version - probably nothing bad will happen - but you may wish to look for an update Boost version.  Define BOOST_CONFIG_SUPPRESS_OUTDATED_MESSAGE to suppress this message.
  Info: Boost.Config is older than your compiler version - probably nothing bad will happen - but you may wish to look for an update Boost version.  Define BOOST_CONFIG_SUPPRESS_OUTDATED_MESSAGE to suppress this message.
  Info: Boost.Config is older than your compiler version - probably nothing bad will happen - but you may wish to look for an update Boost version.  Define BOOST_CONFIG_SUPPRESS_OUTDATED_MESSAGE to suppress this message.
C:\Users\14083\Desktop\of_v0.11.2_vs2017_release\of_v0.11.2_vs2017_release\libs\openFrameworks\math\ofMatrix4x4.h(326,1): warning C4267: 'argument': conversion from 'size_t' to 'int', possible loss of data (compiling source file src\Lander.cpp)
C:\Users\14083\Desktop\of_v0.11.2_vs2017_release\of_v0.11.2_vs2017_release\libs\openFrameworks\math\ofMatrix4x4.h(331,1): warning C4267: 'argument': conversion from 'size_t' to 'int', possible loss of data (compiling source file src\Lander.cpp)
C:\Users\14083\Desktop\of_v0.11.2_vs2017_release\of_v0.11.2_vs2017_release\libs\openFrameworks\math\ofMatrix4x4.h(912,12): warning C4267: 'argument': conversion from 'size_t' to 'int', possible loss of data (compiling source file src\Lander.cpp)
C:\Users\14083\Desktop\of_v0.11.2_vs2017_release\of_v0.11.2_vs2017_release\libs\openFrameworks\math\ofMatrix4x4.h(913,12): warning C4267: 'argument': conversion from 'size_t' to 'int', possible loss of data (compiling source file src\Lander.cpp)
C:\Users\14083\Desktop\of_v0.11.2_vs2017_release\of_v0.11.2_vs2017_release\libs\openFrameworks\math\ofMatrix4x4.h(914,12): warning C4267: 'argument': conversion from 'size_t' to 'int', possible loss of data (compiling source file src\Lander.cpp)
C:\Users\14083\Desktop\of_v0.11.2_vs2017_release\of_v0.11.2_vs2017_release\libs\openFrameworks\math\ofMatrix4x4.h(915,12): warning C4267: 'argument': conversion from 'size_t' to 'int', possible loss of data (compiling source file src\Lander.cpp)
C:\Users\14083\Desktop\of_v0.11.2_vs2017_release\of_v0.11.2_vs2017_release\libs\openFrameworks\math\ofMatrix4x4.h(326,1): warning C4267: 'argument': conversion from 'size_t' to 'int', possible loss of data (compiling source file src\ofApp.cpp)
C:\Users\14083\Desktop\of_v0.11.2_vs2017_release\of_v0.11.2_vs2017_release\libs\openFrameworks\math\ofMatrix4x4.h(331,1): warning C4267: 'argument': conversion from 'size_t' to 'int', possible loss of data (compiling source file src\ofApp.cpp)
C:\Users\14083\Desktop\of_v0.11.2_vs2017_release\of_v0.11.2_vs2017_release\libs\openFrameworks\math\ofMatrix4x4.h(912,12): warning C4267: 'argument': conversion from 'size_t' to 'int', possible loss of data (compiling source file src\ofApp.cpp)
C:\Users\14083\Desktop\of_v0.11.2_vs2017_release\of_v0.11.2_vs2017_release\libs\openFrameworks\math\ofMatrix4x4.h(913,12): warning C4267: 'argument': conversion from 'size_t' to 'int', possible loss of data (compiling source file src\ofApp.cpp)
C:\Users\14083\Desktop\of_v0.11.2_vs2017_release\of_v0.11.2_vs2017_release\libs\openFrameworks\math\ofMatrix4x4.h(914,12): warning C4267: 'argument': conversion from 'size_t' to 'int', possible loss of data (compiling source file src\ofApp.cpp)
C:\Users\14083\Desktop\of_v0.11.2_vs2017_release\of_v0.11.2_vs2017_release\libs\openFrameworks\math\ofMatrix4x4.h(915,12): warning C4267: 'argument': conversion from 'size_t' to 'int', possible loss of data (compiling source file src\ofApp.cpp)
C:\Users\14083\Desktop\of_v0.11.2_vs2017_release\of_v0.11.2_vs2017_release\libs\openFrameworks\math\ofMatrix4x4.h(326,1): warning C4267: 'argument': conversion from 'size_t' to 'int', possible loss of data (compiling source file src\main.cpp)
C:\Users\14083\Desktop\of_v0.11.2_vs2017_release\of_v0.11.2_vs2017_release\libs\openFrameworks\math\ofMatrix4x4.h(331,1): warning C4267: 'argument': conversion from 'size_t' to 'int', possible loss of data (compiling source file src\main.cpp)
C:\Users\14083\Desktop\of_v0.11.2_vs2017_release\of_v0.11.2_vs2017_release\libs\openFrameworks\math\ofMatrix4x4.h(912,12): warning C4267: 'argument': conversion from 'size_t' to 'int', possible loss of data (compiling source file src\main.cpp)
C:\Users\14083\Desktop\of_v0.11.2_vs2017_release\of_v0.11.2_vs2017_release\libs\openFrameworks\math\ofMatrix4x4.h(913,12): warning C4267: 'argument': conversion from 'size_t' to 'int', possible loss of data (compiling source file src\main.cpp)
C:\Users\14083\Desktop\of_v0.11.2_vs2017_release\of_v0.11.2_vs2017_release\libs\openFrameworks\math\ofMatrix4x4.h(914,12): warning C4267: 'argument': conversion from 'size_t' to 'int', possible loss of data (compiling source file src\main.cpp)
C:\Users\14083\Desktop\of_v0.11.2_vs2017_release\of_v0.11.2_vs2017_release\libs\openFrameworks\math\ofMatrix4x4.h(915,12): warning C4267: 'argument': conversion from 'size_t' to 'int', possible loss of data (compiling source file src\main.cpp)
C:\Users\14083\Desktop\of_v0.11.2_vs2017_release\of_v0.11.2_vs2017_release\apps\myApps\FinalProject\FinalProject\src\ofApp.h(128,42): error C2086: 'ofLight ofApp::light': redefinition (compiling source file src\ofApp.cpp)
C:\Users\14083\Desktop\of_v0.11.2_vs2017_release\of_v0.11.2_vs2017_release\apps\myApps\FinalProject\FinalProject\src\ofApp.h(136,12): error C2086: 'ofxPanel ofApp::gui': redefinition (compiling source file src\ofApp.cpp)
C:\Users\14083\Desktop\of_v0.11.2_vs2017_release\of_v0.11.2_vs2017_release\apps\myApps\FinalProject\FinalProject\src\ofApp.cpp(69,21): warning C4018: '<': signed/unsigned mismatch
C:\Users\14083\Desktop\of_v0.11.2_vs2017_release\of_v0.11.2_vs2017_release\apps\myApps\FinalProject\FinalProject\src\ofApp.cpp(144,10): warning C4996: 'ofNode::rotate': Use the Deg/Rad version.
C:\Users\14083\Desktop\of_v0.11.2_vs2017_release\of_v0.11.2_vs2017_release\apps\myApps\FinalProject\FinalProject\src\ofApp.cpp(145,10): warning C4996: 'ofNode::rotate': Use the Deg/Rad version.
C:\Users\14083\Desktop\of_v0.11.2_vs2017_release\of_v0.11.2_vs2017_release\apps\myApps\FinalProject\FinalProject\src\ofApp.cpp(157,11): warning C4996: 'ofNode::rotate': Use the Deg/Rad version.
C:\Users\14083\Desktop\of_v0.11.2_vs2017_release\of_v0.11.2_vs2017_release\apps\myApps\FinalProject\FinalProject\src\ofApp.cpp(158,11): warning C4996: 'ofNode::rotate': Use the Deg/Rad version.
C:\Users\14083\Desktop\of_v0.11.2_vs2017_release\of_v0.11.2_vs2017_release\apps\myApps\FinalProject\FinalProject\src\ofApp.cpp(170,10): warning C4996: 'ofNode::rotate': Use the Deg/Rad version.
C:\Users\14083\Desktop\of_v0.11.2_vs2017_release\of_v0.11.2_vs2017_release\apps\myApps\FinalProject\FinalProject\src\ofApp.cpp(324,23): warning C4018: '<': signed/unsigned mismatch
C:\Users\14083\Desktop\of_v0.11.2_vs2017_release\of_v0.11.2_vs2017_release\apps\myApps\FinalProject\FinalProject\src\Lander.h(41,11): error C3646: 'gui': unknown override specifier (compiling source file src\Lander.cpp)
C:\Users\14083\Desktop\of_v0.11.2_vs2017_release\of_v0.11.2_vs2017_release\apps\myApps\FinalProject\FinalProject\src\Lander.h(41,14): error C4430: missing type specifier - int assumed. Note: C++ does not support default-int (compiling source file src\Lander.cpp)
C:\Users\14083\Desktop\of_v0.11.2_vs2017_release\of_v0.11.2_vs2017_release\apps\myApps\FinalProject\FinalProject\src\Lander.h(42,12): error C3646: 'keyEnabled': unknown override specifier (compiling source file src\Lander.cpp)
C:\Users\14083\Desktop\of_v0.11.2_vs2017_release\of_v0.11.2_vs2017_release\apps\myApps\FinalProject\FinalProject\src\Lander.h(42,22): error C2059: syntax error: ',' (compiling source file src\Lander.cpp)
C:\Users\14083\Desktop\of_v0.11.2_vs2017_release\of_v0.11.2_vs2017_release\apps\myApps\FinalProject\FinalProject\src\Lander.h(42,47): error C2238: unexpected token(s) preceding ';' (compiling source file src\Lander.cpp)
C:\Users\14083\Desktop\of_v0.11.2_vs2017_release\of_v0.11.2_vs2017_release\apps\myApps\FinalProject\FinalProject\src\Lander.h(44,16): error C3646: 'keyPosition': unknown override specifier (compiling source file src\Lander.cpp)
C:\Users\14083\Desktop\of_v0.11.2_vs2017_release\of_v0.11.2_vs2017_release\apps\myApps\FinalProject\FinalProject\src\Lander.h(44,27): error C2059: syntax error: ',' (compiling source file src\Lander.cpp)
C:\Users\14083\Desktop\of_v0.11.2_vs2017_release\of_v0.11.2_vs2017_release\apps\myApps\FinalProject\FinalProject\src\Lander.h(44,52): error C2238: unexpected token(s) preceding ';' (compiling source file src\Lander.cpp)
C:\Users\14083\Desktop\of_v0.11.2_vs2017_release\of_v0.11.2_vs2017_release\apps\myApps\FinalProject\FinalProject\src\Lander.h(46,16): error C3646: 'fillPosition': unknown override specifier (compiling source file src\Lander.cpp)
C:\Users\14083\Desktop\of_v0.11.2_vs2017_release\of_v0.11.2_vs2017_release\apps\myApps\FinalProject\FinalProject\src\Lander.h(46,28): error C2059: syntax error: ',' (compiling source file src\Lander.cpp)
C:\Users\14083\Desktop\of_v0.11.2_vs2017_release\of_v0.11.2_vs2017_release\apps\myApps\FinalProject\FinalProject\src\ofApp.cpp(327,6): warning C4996: 'ofRotate': Use ofRotateDeg or ofRotateRad
C:\Users\14083\Desktop\of_v0.11.2_vs2017_release\of_v0.11.2_vs2017_release\apps\myApps\FinalProject\FinalProject\src\Lander.h(46,55): error C2238: unexpected token(s) preceding ';' (compiling source file src\Lander.cpp)
C:\Users\14083\Desktop\of_v0.11.2_vs2017_release\of_v0.11.2_vs2017_release\apps\myApps\FinalProject\FinalProject\src\Lander.h(48,16): error C3646: 'rimPosition': unknown override specifier (compiling source file src\Lander.cpp)
C:\Users\14083\Desktop\of_v0.11.2_vs2017_release\of_v0.11.2_vs2017_release\apps\myApps\FinalProject\FinalProject\src\Lander.h(48,27): error C2059: syntax error: ',' (compiling source file src\Lander.cpp)
C:\Users\14083\Desktop\of_v0.11.2_vs2017_release\of_v0.11.2_vs2017_release\apps\myApps\FinalProject\FinalProject\src\Lander.h(48,52): error C2238: unexpected token(s) preceding ';' (compiling source file src\Lander.cpp)
C:\Users\14083\Desktop\of_v0.11.2_vs2017_release\of_v0.11.2_vs2017_release\apps\myApps\FinalProject\FinalProject\src\Lander.h(50,17): error C3646: 'planeShiningess': unknown override specifier (compiling source file src\Lander.cpp)
C:\Users\14083\Desktop\of_v0.11.2_vs2017_release\of_v0.11.2_vs2017_release\apps\myApps\FinalProject\FinalProject\src\Lander.h(50,32): error C4430: missing type specifier - int assumed. Note: C++ does not support default-int (compiling source file src\Lander.cpp)
C:\Users\14083\Desktop\of_v0.11.2_vs2017_release\of_v0.11.2_vs2017_release\apps\myApps\FinalProject\FinalProject\src\ofApp.cpp(838,21): warning C4018: '<': signed/unsigned mismatch
C:\Users\14083\Desktop\of_v0.11.2_vs2017_release\of_v0.11.2_vs2017_release\apps\myApps\FinalProject\FinalProject\src\ofApp.cpp(867,21): warning C4018: '<': signed/unsigned mismatch
C:\Users\14083\Desktop\of_v0.11.2_vs2017_release\of_v0.11.2_vs2017_release\apps\myApps\FinalProject\FinalProject\src\ofApp.h(128,42): error C2086: 'ofLight ofApp::light': redefinition (compiling source file src\Lander.cpp)
C:\Users\14083\Desktop\of_v0.11.2_vs2017_release\of_v0.11.2_vs2017_release\apps\myApps\FinalProject\FinalProject\src\ofApp.h(136,12): error C2086: 'ofxPanel ofApp::gui': redefinition (compiling source file src\Lander.cpp)
C:\Users\14083\Desktop\of_v0.11.2_vs2017_release\of_v0.11.2_vs2017_release\apps\myApps\FinalProject\FinalProject\src\ofApp.cpp(69,21): warning C4018: '<': signed/unsigned mismatch (compiling source file src\Lander.cpp)
C:\Users\14083\Desktop\of_v0.11.2_vs2017_release\of_v0.11.2_vs2017_release\apps\myApps\FinalProject\FinalProject\src\ofApp.cpp(144,10): warning C4996: 'ofNode::rotate': Use the Deg/Rad version. (compiling source file src\Lander.cpp)
C:\Users\14083\Desktop\of_v0.11.2_vs2017_release\of_v0.11.2_vs2017_release\apps\myApps\FinalProject\FinalProject\src\ofApp.cpp(145,10): warning C4996: 'ofNode::rotate': Use the Deg/Rad version. (compiling source file src\Lander.cpp)
C:\Users\14083\Desktop\of_v0.11.2_vs2017_release\of_v0.11.2_vs2017_release\apps\myApps\FinalProject\FinalProject\src\ofApp.cpp(157,11): warning C4996: 'ofNode::rotate': Use the Deg/Rad version. (compiling source file src\Lander.cpp)
C:\Users\14083\Desktop\of_v0.11.2_vs2017_release\of_v0.11.2_vs2017_release\apps\myApps\FinalProject\FinalProject\src\ofApp.cpp(158,11): warning C4996: 'ofNode::rotate': Use the Deg/Rad version. (compiling source file src\Lander.cpp)
C:\Users\14083\Desktop\of_v0.11.2_vs2017_release\of_v0.11.2_vs2017_release\apps\myApps\FinalProject\FinalProject\src\ofApp.cpp(170,10): warning C4996: 'ofNode::rotate': Use the Deg/Rad version. (compiling source file src\Lander.cpp)
C:\Users\14083\Desktop\of_v0.11.2_vs2017_release\of_v0.11.2_vs2017_release\apps\myApps\FinalProject\FinalProject\src\ofApp.cpp(324,23): warning C4018: '<': signed/unsigned mismatch (compiling source file src\Lander.cpp)
C:\Users\14083\Desktop\of_v0.11.2_vs2017_release\of_v0.11.2_vs2017_release\apps\myApps\FinalProject\FinalProject\src\ofApp.cpp(327,6): warning C4996: 'ofRotate': Use ofRotateDeg or ofRotateRad (compiling source file src\Lander.cpp)
C:\Users\14083\Desktop\of_v0.11.2_vs2017_release\of_v0.11.2_vs2017_release\apps\myApps\FinalProject\FinalProject\src\ofApp.cpp(838,21): warning C4018: '<': signed/unsigned mismatch (compiling source file src\Lander.cpp)
C:\Users\14083\Desktop\of_v0.11.2_vs2017_release\of_v0.11.2_vs2017_release\apps\myApps\FinalProject\FinalProject\src\ofApp.cpp(867,21): warning C4018: '<': signed/unsigned mismatch (compiling source file src\Lander.cpp)
C:\Users\14083\Desktop\of_v0.11.2_vs2017_release\of_v0.11.2_vs2017_release\apps\myApps\FinalProject\FinalProject\src\Lander.cpp(39,20): error C2065: 'postion': undeclared identifier
C:\Users\14083\Desktop\of_v0.11.2_vs2017_release\of_v0.11.2_vs2017_release\apps\myApps\FinalProject\FinalProject\src\ofApp.h(128,42): error C2086: 'ofLight ofApp::light': redefinition (compiling source file src\main.cpp)
C:\Users\14083\Desktop\of_v0.11.2_vs2017_release\of_v0.11.2_vs2017_release\apps\myApps\FinalProject\FinalProject\src\ofApp.h(136,12): error C2086: 'ofxPanel ofApp::gui': redefinition (compiling source file src\main.cpp)
